<?xml version="1.0" encoding="UTF-8"?>
<testng-results ignored="0" total="1" passed="1" failed="0" skipped="0">
  <reporter-output>
  </reporter-output>
  <suite started-at="2020-07-24T19:56:37 BDT" name="Default suite" finished-at="2020-07-24T19:57:30 BDT" duration-ms="53106">
    <groups>
    </groups>
    <test started-at="2020-07-24T19:56:37 BDT" name="Default test" finished-at="2020-07-24T19:57:30 BDT" duration-ms="53106">
      <class name="com.assignment.bitm.TicketBookingTest">
        <test-method is-config="true" signature="beforeTest()[pri:0, instance:com.assignment.bitm.TicketBookingTest@56de5251]" started-at="2020-07-24T19:56:37 BDT" name="beforeTest" finished-at="2020-07-24T19:56:37 BDT" duration-ms="10" status="PASS">
          <reporter-output>
          </reporter-output>
        </test-method> <!-- beforeTest -->
        <test-method is-config="true" signature="beforeClass()[pri:0, instance:com.assignment.bitm.TicketBookingTest@56de5251]" started-at="2020-07-24T19:56:37 BDT" name="beforeClass" finished-at="2020-07-24T19:56:37 BDT" duration-ms="0" status="PASS">
          <reporter-output>
          </reporter-output>
        </test-method> <!-- beforeClass -->
        <test-method is-config="true" signature="beforeMethod()[pri:0, instance:com.assignment.bitm.TicketBookingTest@56de5251]" started-at="2020-07-24T19:56:38 BDT" name="beforeMethod" finished-at="2020-07-24T19:56:45 BDT" duration-ms="6647" status="PASS">
          <reporter-output>
          </reporter-output>
        </test-method> <!-- beforeMethod -->
        <test-method signature="f(java.lang.String, java.lang.String, java.lang.String, java.lang.String, java.lang.String, java.lang.String)[pri:0, instance:com.assignment.bitm.TicketBookingTest@56de5251]" started-at="2020-07-24T19:56:45 BDT" name="f" data-provider="dp" finished-at="2020-07-24T19:57:27 BDT" duration-ms="42857" status="PASS">
          <params>
            <param index="0">
              <value>
                <![CDATA[DHAKA]]>
              </value>
            </param>
            <param index="1">
              <value>
                <![CDATA[KUSHTIA]]>
              </value>
            </param>
            <param index="2">
              <value>
                <![CDATA[NonAc]]>
              </value>
            </param>
            <param index="3">
              <value>
                <![CDATA[27]]>
              </value>
            </param>
            <param index="4">
              <value>
                <![CDATA[Aug]]>
              </value>
            </param>
            <param index="5">
              <value>
                <![CDATA[2020]]>
              </value>
            </param>
          </params>
          <reporter-output>
          </reporter-output>
        </test-method> <!-- f -->
        <test-method is-config="true" signature="afterMethod()[pri:0, instance:com.assignment.bitm.TicketBookingTest@56de5251]" started-at="2020-07-24T19:57:27 BDT" name="afterMethod" finished-at="2020-07-24T19:57:30 BDT" duration-ms="2893" status="PASS">
          <reporter-output>
          </reporter-output>
        </test-method> <!-- afterMethod -->
        <test-method is-config="true" signature="afterClass()[pri:0, instance:com.assignment.bitm.TicketBookingTest@56de5251]" started-at="2020-07-24T19:57:30 BDT" name="afterClass" finished-at="2020-07-24T19:57:30 BDT" duration-ms="1" status="PASS">
          <reporter-output>
          </reporter-output>
        </test-method> <!-- afterClass -->
        <test-method is-config="true" signature="afterTest()[pri:0, instance:com.assignment.bitm.TicketBookingTest@56de5251]" started-at="2020-07-24T19:57:30 BDT" name="afterTest" finished-at="2020-07-24T19:57:30 BDT" duration-ms="0" status="PASS">
          <reporter-output>
          </reporter-output>
        </test-method> <!-- afterTest -->
      </class> <!-- com.assignment.bitm.TicketBookingTest -->
    </test> <!-- Default test -->
  </suite> <!-- Default suite -->
</testng-results>
